number,value,state,params_colsample_bytree,params_extra_trees,params_learning_rate,params_max_bin,params_max_depth,params_min_child_samples,params_min_child_weight,params_min_split_gain,params_num_leaves,params_path_smooth,params_reg_alpha,params_reg_lambda,params_subsample,params_subsample_freq,user_attrs_best_iteration,duration
271,0.6191386861988656,PRUNED,0.7834111538573568,False,0.010003233022729385,511,6,138,0.30748097228705884,0.1731726010703457,230,0.07190616292189325,0.1568240961679087,0.8344210584587969,0.5360571753014952,7,,0 days 00:00:04.820544
272,0.6045699932129046,COMPLETE,0.7866136527568683,False,0.021566339086440112,255,6,189,0.00803067061941585,0.2484911113072419,224,0.6387527633964618,0.011701620439740034,5.1154764876582055,0.7287117096273844,5,541.0,0 days 00:00:30.782645
273,0.6105463021568162,PRUNED,0.62016188580164,False,0.005481130744685572,511,8,116,4.130694845757017,0.0514726368824409,90,0.049314474609821524,0.08772347139506599,6.0337534313707335e-06,0.5151098051452795,7,,0 days 00:00:16.329661
274,0.604329519737472,COMPLETE,0.5026241390436321,False,0.005243111480060699,511,10,169,3.8585756165270175,0.04543403011317119,138,0.48770698437649007,0.00016078547529818597,3.9395196854152565e-06,0.5484624396131011,4,1320.0,0 days 00:01:37.793833
275,0.6038821373203375,COMPLETE,0.6833123595674792,False,0.026572669186312858,255,10,170,0.0319561127433652,0.308675311949179,53,0.05913296002140009,0.17444847321939136,2.6916958851057735e-08,0.9149973538533138,0,223.0,0 days 00:00:17.720204
276,0.6197926463088921,PRUNED,0.8436405629747761,False,0.008911948711803104,511,7,110,2.2716051520204834,0.19621018473305707,251,0.13850593967262947,0.0003289450144104013,8.482736807887263e-07,0.5690088088204698,7,,0 days 00:00:06.169395
277,0.608685272512191,PRUNED,0.7654013176646023,False,0.020050136557918204,255,11,168,0.6943650993728013,0.22934812377221875,83,0.4913869133113915,2.1942550733634576,5.231160796120966e-08,0.9685597886340671,2,,0 days 00:00:06.397877
278,0.6105754229595229,PRUNED,0.7160041628529588,False,0.005254196984223924,511,11,139,3.4373813875998005,0.04236590776138985,111,0.8338096721400483,0.004996179571563946,3.367990866945881e-07,0.5291640828728256,0,,0 days 00:00:26.101424
279,0.6041053544272903,COMPLETE,0.6173682580403531,False,0.012913813208566298,255,12,187,0.0038439891302269272,0.23435614222794288,127,0.22820053253202333,0.0007424985239737546,0.0005505174438503851,0.84990928553396,0,499.0,0 days 00:00:38.041950
280,0.6056258378338993,COMPLETE,0.680977331552021,False,0.023177030731054787,255,9,110,1.5976000046520968,0.10981155247934758,147,0.5727287478410534,0.16852477670344296,0.00010647184850390699,0.5843522196100289,4,243.0,0 days 00:00:19.414150
281,0.6234693478346889,PRUNED,0.5332224814176633,False,0.006844402485217673,255,11,176,0.0008573866078771996,0.1759306531063219,113,0.17322897193479925,0.00015822828016134904,0.00041874982109927527,0.7160320429124759,0,,0 days 00:00:05.988189
282,0.6045089008487925,COMPLETE,0.6097621251530958,False,0.02477257736062206,255,12,148,0.07061158888043752,0.2407996713121432,152,0.21710168626551407,0.00013126189073101534,0.000116433872915643,0.9297653357240188,2,176.0,0 days 00:00:18.827908
283,0.602953425188843,COMPLETE,0.6678564178948477,False,0.01909776389833138,255,11,186,1.164211684062098,0.1986156278760198,132,0.17778788610023838,0.004431999894355988,3.450520795710503e-06,0.8335734783374043,0,376.0,0 days 00:00:28.883712
284,0.6214876898004534,PRUNED,0.636289796048062,False,0.007534271194880549,255,12,188,0.0010526856071471657,0.39249387917233525,108,0.07647867067197339,0.2760878981357672,1.3224722868900745,0.9138193523790271,1,,0 days 00:00:06.322689
285,0.6197510157219642,PRUNED,0.6492097215977845,False,0.008566463291173106,255,10,154,1.195450874980767,0.26713432575488916,59,0.05645934697137289,0.07647834503771382,1.4413633870402806e-08,0.698785207847883,2,,0 days 00:00:05.225101
286,0.6081257025460997,PRUNED,0.735436068982038,False,0.006495663775265014,127,12,183,9.777062947816953,0.1280665941524154,96,0.5106479298932938,0.013381889691569445,8.272686542252168e-06,0.5313026157198764,3,,0 days 00:00:14.289269
287,0.6053265582333658,PRUNED,0.5980817158839308,False,0.040240689285928326,127,4,174,1.7308069081830386,0.3140507192719155,173,0.6761468054457096,0.5595031971376474,0.0008252375090243359,0.5893919935971259,6,,0 days 00:00:09.015228
288,0.6049364021870988,PRUNED,0.617561890023402,False,0.029334991591008185,255,11,196,6.558536417289691,0.12266286287447599,115,0.09442578252180947,0.028186425558906932,1.1597261364933002e-07,0.9417059844600838,1,,0 days 00:00:15.606035
289,0.6036637668120146,COMPLETE,0.6341336616371751,False,0.02323795325601727,255,12,191,0.8293539441995651,0.26773636433406073,148,0.9737285562108604,0.008300097257902561,1.263767673652195e-06,0.8324326641355564,0,241.0,0 days 00:00:21.474410
290,0.6116702981249644,PRUNED,0.7917984985412136,False,0.015264975141975461,255,10,131,0.008898756799857088,0.3290715712136722,67,0.0071807064646251875,0.1465390743153382,1.4024506475062174e-07,0.901193572374067,1,,0 days 00:00:06.430712
291,0.6039897452700769,COMPLETE,0.7645484855197011,False,0.04193877348120294,511,6,177,0.0004060773017282611,0.10545625151366697,252,0.35239998964343505,0.023961576209639204,0.09166675026316035,0.6950807614834232,6,264.0,0 days 00:00:18.134581
292,0.6080399128140936,PRUNED,0.6618237493273903,True,0.015190838501663558,255,10,197,0.7196142861031387,0.2982640501248233,30,0.17183595998807039,0.002356445918117785,6.898213298476225e-06,0.8532740045211268,0,,0 days 00:00:35.791277
293,0.6095890357723737,PRUNED,0.6033756492157807,False,0.022589008629367295,255,8,190,0.4000472462740374,0.2798450851962373,30,0.4287491961283998,0.004395447861848263,4.7340026971856787e-07,0.9905788855421259,0,,0 days 00:00:04.473804
294,0.6040271648355242,COMPLETE,0.7626382590292153,False,0.07712971174248234,511,6,175,0.00017186787227355094,0.017500992910760987,228,0.18918444041571392,0.0018768461341674661,0.17283711761311962,0.7223241007232917,6,154.0,0 days 00:00:12.744566
295,0.6049305113057739,PRUNED,0.5861372771511744,False,0.021208486708446345,255,12,186,3.0242528429185045,0.16787043107406735,169,1.2460934905389944,0.010051999481502228,4.1463110359079105e-08,0.785521815263537,2,,0 days 00:00:15.826112
296,0.6037895704463337,COMPLETE,0.67536194163187,False,0.015524104628639046,255,11,185,0.14624951324717886,0.2908795936566383,146,0.16343592489686293,0.03211930064598913,2.8116407598420656e-06,0.7950036189118458,0,369.0,0 days 00:00:29.485728
297,0.6068723955670737,COMPLETE,0.7971969564742372,False,0.08219827434648429,511,7,195,0.00013577874453561664,0.09895642573626671,236,0.48304079370646125,0.007344869275633873,1.7726267353274274,0.6758286585437275,4,60.0,0 days 00:00:09.523146
298,0.612177761689389,PRUNED,0.7149875243109554,False,0.014848232017905397,511,8,169,0.33318450823238516,0.19552247797108507,211,1.6097121164205999,0.0003026251831829987,1.2818127317664438,0.8646659492363595,6,,0 days 00:00:06.625442
299,0.6049748015161829,PRUNED,0.655290716471263,False,0.02879714383329496,255,11,169,0.052315589853333,0.25943706442824854,96,0.4051569598514769,0.06734616280733603,1.209753804750544e-08,0.7245150112217803,0,,0 days 00:00:15.531555
300,0.6053325055151045,PRUNED,0.5446150652489585,False,0.0407024869135466,511,6,162,0.00015725320092685842,0.07247561677934655,175,0.04193599237435505,0.0005923650059367398,0.6945995589742576,0.8136155677129822,7,,0 days 00:00:11.944056
301,0.6045120477672966,COMPLETE,0.7236192997792287,False,0.02334469976555148,255,12,159,4.474960736446142,0.25907685960405014,150,0.8104672453144928,0.1281685494251216,0.0016659394935333817,0.825222377634427,0,229.0,0 days 00:00:23.070891
302,0.6036022444546365,COMPLETE,0.5976860009806271,False,0.00935016084010027,255,9,198,0.0254692615103842,0.12410973154461866,59,0.48219538945042784,0.07887841879079428,8.875493165744222e-08,0.7247983923207868,0,880.0,0 days 00:00:56.169076
303,0.604058511609078,COMPLETE,0.6602395057840621,False,0.021595513485565702,255,11,200,5.624597863490057,0.08752795909867755,210,0.019126253863338383,0.0001102523705363504,0.00039579257637889465,0.661943797931587,2,234.0,0 days 00:00:19.337459
304,0.6039669975753436,COMPLETE,0.5239818027064225,False,0.016703212357913996,255,9,176,7.123120168441342,0.020852975497060333,217,0.05368558696700099,0.0017668937225584242,2.7702307651229666e-06,0.7267778626512057,1,475.0,0 days 00:00:29.565437
305,0.603950689880911,COMPLETE,0.7445262820275788,False,0.044008248030440233,511,5,174,0.0005230655743188235,0.00999197228343978,240,0.1509380390911849,0.00016592084817011914,0.0012876925926146626,0.7610010422976732,4,349.0,0 days 00:00:20.606541
306,0.6097750334038651,PRUNED,0.6971544280063875,False,0.017222771401008193,255,10,124,2.733698075211684,0.10766868703006047,204,0.12775227315734627,0.00040709302891676327,0.00245764057278385,0.7522748326430583,1,,0 days 00:00:06.747906
307,0.6110904798440414,PRUNED,0.7302930154652447,True,0.07751370699591746,511,4,195,0.0003639038970838798,0.06576578897499918,218,0.3349909241843151,0.07610853153927793,0.0011039108866227625,0.6587427424804198,7,,0 days 00:00:03.299696
308,0.6043815329127723,COMPLETE,0.7093373170781182,False,0.021416740745893333,255,12,185,0.8312965942760251,0.04993356633313754,222,0.12257134028495226,5.2123684803026184e-05,3.0082300516370673e-05,0.6782415061542622,2,207.0,0 days 00:00:19.771354
309,0.6055308980510256,COMPLETE,0.6647540817811083,False,0.05762740973874912,511,5,168,0.001133180813381531,0.018770859462823634,231,0.10759179637871957,0.00014503780591544816,0.003418279308617503,0.8255307914828963,3,225.0,0 days 00:00:14.561797
310,0.6058011436123228,PRUNED,0.6965931874718914,False,0.09359037824992816,511,4,135,0.0005192345512892044,0.023136517148485025,231,0.0812911224782339,0.6075595734490141,0.0015615672223386224,0.7536088193034098,6,,0 days 00:00:10.429090
311,0.6048266948018645,COMPLETE,0.7884680366872427,False,0.022883612457649992,511,7,152,0.00033166009711236156,0.04718152519847034,188,0.07199189672758839,0.0005142782332065594,0.028170195208432967,0.7002198253903017,3,259.0,0 days 00:00:21.054300
312,0.604183466979511,COMPLETE,0.6000499288103375,False,0.014181343722779802,511,10,170,7.276706013247607,0.002430848286248958,202,0.34500386503776126,1.1325593825922924,2.1450083924898125e-05,0.718613798343758,0,512.0,0 days 00:00:41.842707
313,0.6237268946694713,PRUNED,0.6307572178202843,False,0.006846479537919371,255,9,131,0.018166905694188454,0.05524749533956555,77,0.47932907402965935,0.08233132881696116,2.233868029062251e-07,0.766420014768975,0,,0 days 00:00:05.893447
314,0.6038605062543094,COMPLETE,0.6753959012669708,False,0.042103755266319466,127,6,162,0.001077031166041842,0.081864660427998,216,0.40572022758554716,0.0003070695101761943,0.006987182475328408,0.7885847991156039,7,326.0,0 days 00:00:18.246822
315,0.6096440904953471,PRUNED,0.7474466356340137,False,0.02786720465393868,127,5,170,0.0018116185986344808,0.05337981462623463,194,0.1855737092383556,3.624112590035297e-05,0.004384409127392827,0.9656238769300278,7,,0 days 00:00:04.028042
316,0.60539285173968,COMPLETE,0.6942787210828543,False,0.036793512960051976,127,9,191,0.00010591698427510075,0.004973761517081232,239,0.49204653183193703,0.0034398187036741483,0.0008721868013724628,0.7350424185275771,6,159.0,0 days 00:00:13.037958
317,0.6055705807471906,PRUNED,0.5624652278355284,False,0.01028451297827626,255,9,184,7.112801387906784,0.024667916700706637,216,0.12885157711799627,0.002465813175827212,0.00013758685200257473,0.8546339457104236,1,,0 days 00:00:15.217436
318,0.6091561754764941,PRUNED,0.7654769991516838,False,0.0173719980805688,255,11,184,2.826888705716217,0.27641046723083496,156,0.3211435233272937,0.01369159522361491,7.948270977363061e-07,0.801635312100017,2,,0 days 00:00:06.762341
319,0.6045885759155338,COMPLETE,0.674766246695342,False,0.05639351856802858,127,6,168,0.0074211196431683045,0.09606904523800339,228,0.3985148898672888,2.222856806863959e-06,0.0051077696634029635,0.7097271182027083,6,155.0,0 days 00:00:10.663895
320,0.6138482536770427,PRUNED,0.5155436117186919,False,0.013149801781218853,255,8,199,0.0056034115113044805,0.13563970401396172,87,0.9619011214429991,0.012257608638799659,1.2262338389764265e-08,0.7179379836044216,1,,0 days 00:00:04.597936
321,0.6051924161269416,COMPLETE,0.5161190919483658,False,0.04144829269573094,255,11,195,3.4855323487228316,0.06783338293149765,194,0.1669949589214805,1.9800380857899018e-05,0.0003776461039978088,0.6924400404105058,2,129.0,0 days 00:00:12.843539
322,0.6038823129853297,COMPLETE,0.5056780044109146,False,0.006168606436356963,255,11,171,7.364620196000175,0.15646577979759607,235,0.1188507642067013,0.0037039551137895035,3.755760816575076e-08,0.7625659678826382,3,1125.0,0 days 00:01:20.238934
323,0.6053834460207245,PRUNED,0.9121249165985037,False,0.030639015311850162,511,6,160,0.0002476028826413056,0.04351861977171759,196,0.319896743212505,0.27654973132193467,0.005308547560988558,0.8054802133237627,7,,0 days 00:00:14.847034
324,0.60431798884611,COMPLETE,0.7383963853447338,False,0.019599231512652217,511,6,169,0.0009693644653508441,0.11237175928042305,242,0.5078856035702991,0.4616947751729035,2.206824375487389,0.6619465103622466,7,498.0,0 days 00:00:30.378774
325,0.6078257310445645,PRUNED,0.8544027019516033,True,0.034378094003028645,511,9,185,0.36579473912281246,0.2622813318713741,194,0.12714215366089066,0.09241676904148483,1.0796290688948274e-06,0.6370251185000337,6,,0 days 00:00:10.461029
326,0.6184877805487242,PRUNED,0.5663538196405873,False,0.008995173426842652,255,10,167,4.123268781227429,0.2368440656860759,252,0.5246095120957092,0.07089951600916278,1.3904779339656476e-08,0.7383524552613611,4,,0 days 00:00:05.767794
327,0.6085278972896846,PRUNED,0.7502386881541614,True,0.026802207326699447,255,12,177,0.2718588085283408,0.250139511873791,179,0.21955006899651916,0.032468886896634776,1.3879497863363505e-06,0.7068685158170291,0,,0 days 00:00:10.710931
328,0.6040103718504172,COMPLETE,0.7855219083525211,False,0.04794362527293753,127,5,148,0.0001461135978724114,0.09976718338354736,220,0.2887628180817707,0.018341030920435288,0.26079338642151084,0.7153368906330001,6,393.0,0 days 00:00:20.523311
329,0.6046731520946754,COMPLETE,0.8028086909056888,False,0.053035495799198,511,7,174,0.00015850993977936564,0.02639876025825187,209,0.7326206010613847,1.0103019230738094e-05,0.0004483898882669393,0.7417321179224812,6,129.0,0 days 00:00:13.444529
330,0.6061556372900386,COMPLETE,0.7404459801644002,False,0.08266530784303822,511,7,196,0.00026630399947015704,0.0020220610333873627,237,0.2768560648267356,0.007569334924761634,0.012392767093174606,0.7097886446037904,7,77.0,0 days 00:00:09.996070
331,0.6035131135889747,COMPLETE,0.632628084081691,False,0.01572798662502119,255,11,187,0.358131639903631,0.2589202234328492,83,1.6612429162174356,0.012580170999254776,4.189713716816152e-07,0.8445203195327445,0,385.0,0 days 00:00:28.415117
332,0.6055553008427177,COMPLETE,0.9072440513112954,False,0.08683399423726985,127,6,132,0.0005435158066990264,0.26275723175330934,239,0.3623281805939392,0.021649288622925034,5.247634962362558,0.7659062982355557,6,124.0,0 days 00:00:10.678258
333,0.6106432932583243,PRUNED,0.6215039145606686,False,0.015513406061806297,255,10,171,0.0844246317406319,0.3093535378852993,122,0.0342320522717339,0.0015457742336761286,1.868565848567522e-08,0.9549945405639659,1,,0 days 00:00:06.350311
334,0.6059672557394306,PRUNED,0.7622873050353337,False,0.03294593008040986,255,7,160,0.044175682825920444,0.1636063816788423,191,0.8959625114345258,7.455403770574748,0.0005038242192643596,0.6902638735517277,3,,0 days 00:00:12.729411
335,0.60447554427992,COMPLETE,0.6542900181395025,False,0.011229755062408678,255,12,168,0.08381663855956772,0.3417938844319942,82,1.5305227389560971,0.0001758923279932862,2.4254297515529056e-06,0.8688758131619844,1,478.0,0 days 00:00:36.840402
336,0.6046019914674825,COMPLETE,0.5179911569492199,False,0.03641898049809206,127,12,147,0.1722729777541744,0.2924970109818074,170,0.9823739765244667,0.08972048596735145,6.228708174799653e-06,0.7978597909866201,0,136.0,0 days 00:00:13.330913
337,0.6268593258917994,PRUNED,0.5147796457233687,False,0.00597822442217052,255,10,192,0.6540258483852236,0.11437974472566217,55,1.3197299692696454,0.029963788313118005,1.9669859177390408e-05,0.9815505494472478,0,,0 days 00:00:05.041887
338,0.604005090822582,COMPLETE,0.6682676392004617,False,0.026276156956857394,127,5,160,0.00027912822144320916,0.11622008696439706,186,0.4282639462914698,0.014422628681938271,0.0001259043634572658,0.8188858965103564,7,483.0,0 days 00:00:24.572151
339,0.6045710241843997,COMPLETE,0.5222322809518718,False,0.06388490066974797,127,6,125,0.00039648082510925403,0.060987414670747295,194,0.35709001247349914,0.14708841960040955,0.016597945176395394,0.8913116529528032,6,175.0,0 days 00:00:11.309799
340,0.6161828746380803,PRUNED,0.7378926358849144,False,0.01019114944369528,127,12,190,0.8216256688986003,0.2265870262535064,109,0.15489301723852245,0.0007003071467190721,2.003753073019497e-06,0.8492299588300987,0,,0 days 00:00:06.109452
341,0.6059505220691669,PRUNED,0.6462022946514602,False,0.03681552959881305,127,7,141,0.00024850906296205587,0.23269052697473663,141,0.2698640424348744,0.0009522344913879452,2.4551395943238786e-06,0.8291965034356481,7,,0 days 00:00:11.577551
342,0.6214155074281723,PRUNED,0.5983182615551358,False,0.009746314705351691,127,5,192,0.0005485048575628177,0.21888046894182975,202,0.8332575005495473,0.02050454509567118,2.414679619750227e-05,0.9244572715877125,5,,0 days 00:00:03.731086
343,0.6117098233528551,PRUNED,0.5960125821380509,False,0.021705823479251696,255,11,200,0.09351972654083426,0.23557427723837013,18,1.9168751368049313,0.8069788269099701,6.393721660065637e-08,0.7994406769351404,0,,0 days 00:00:04.049113
344,0.6060128882070078,PRUNED,0.5325608959250885,False,0.011136973886261833,255,8,170,0.26116917793915306,0.017059196770605512,164,0.13632853705227108,0.0026691206138124784,9.000987905605328e-06,0.5776376011262045,0,,0 days 00:00:14.126463
345,0.6126140293298996,PRUNED,0.767348953658592,False,0.015059711815249047,127,7,87,0.0004409386791862759,0.030290890881910802,192,0.0873260605130502,0.003040267431821363,0.00030769814876271907,0.7400843260919256,6,,0 days 00:00:04.792425
346,0.617961381327593,PRUNED,0.6532311178987553,False,0.0109558332435172,511,6,178,0.00038957030271767975,0.016170742990206974,188,0.40273034275704844,1.999109635536085e-07,4.305902191584953e-06,0.7515681680189842,4,,0 days 00:00:04.843431
347,0.6036183305308748,COMPLETE,0.5247823382614414,False,0.027649043717678477,255,9,156,2.2025081931889665,0.05484321991093232,231,0.020170915314120755,0.0048230539654937924,1.3587235868855872e-06,0.7224813250995491,1,274.0,0 days 00:00:19.011537
348,0.6134551325915111,PRUNED,0.5732254251177714,False,0.012544734692742716,255,10,132,7.19724796738621,0.04458920253345129,209,0.01829191403163501,0.004316498882589964,4.572404512223328e-08,0.7152231354159208,0,,0 days 00:00:06.763084
349,0.6038605169133943,COMPLETE,0.5269604805943652,False,0.005162471159573333,127,10,195,0.7053779883303051,0.16158334583098014,221,0.3483620756872583,0.006849545841547544,2.9406606516159976e-07,0.7787967033215691,4,1280.0,0 days 00:01:24.869944
350,0.6318498821936138,PRUNED,0.8834296351991787,True,0.005312912727505363,511,10,191,0.49129800593066675,0.016710926875676015,31,0.17824645492953373,3.127977366463294e-07,1.2102390051378157e-06,0.5571101686282286,2,,0 days 00:00:04.039990
351,0.6045707046965211,COMPLETE,0.5551590756362255,False,0.02113580976171469,255,10,166,0.045238135327870015,0.04592596881129622,26,0.041748940989381866,0.0025019955486698694,8.106977526948397e-08,0.583490940929188,1,341.0,0 days 00:00:19.166502
352,0.6035974453654352,COMPLETE,0.7218723555838698,False,0.04235925716040446,511,7,156,4.991301746038801,0.24728137155541782,179,0.04063609194715287,0.0002602890966871231,6.614463489153072e-08,0.7895285582507827,5,220.0,0 days 00:00:17.914967
353,0.6045370633619962,COMPLETE,0.668639210463071,False,0.02419573546017542,511,9,127,0.8228390089108846,0.14891244318508534,218,0.375509429835568,0.00014741735654543166,1.4383002223506388e-08,0.7647515155220693,4,278.0,0 days 00:00:25.585022
354,0.6048378111300572,COMPLETE,0.5893779650187096,False,0.023715341010926618,255,10,165,0.061495814422379995,0.3436444163207186,142,0.32332669391677077,3.539116712934697,3.0560288767599356e-05,0.8245052607773741,0,242.0,0 days 00:00:19.421691
355,0.6036335012268038,COMPLETE,0.5096344082609493,False,0.030010898237846216,255,6,142,4.384021531749763,0.15123687581456366,218,0.28861052429883705,0.0006509530296141193,1.6874546187420477e-06,0.7092132641747814,2,364.0,0 days 00:00:19.445559
356,0.6141667209783275,PRUNED,0.5894569980471529,False,0.013226378741653028,255,7,88,1.0471051142713461,0.2035052201348473,144,0.08504860570947068,3.095374551415922e-05,5.615293380363946e-07,0.7336513626182205,2,,0 days 00:00:04.878359
357,0.6043513123062738,COMPLETE,0.5190579977522836,False,0.03479013455949284,255,6,153,4.588653362675954,0.2788852338025971,221,0.3538258014201531,1.8150433309939755e-05,2.2931342807043082e-05,0.7175199108935737,2,359.0,0 days 00:00:19.053100
358,0.6072017625814351,PRUNED,0.8648959301623314,False,0.05517587907146542,511,6,118,2.519150470631744,0.14435625480455166,151,0.1458472113812883,0.00014117097108677648,6.418609580623204e-08,0.7094945506785901,3,,0 days 00:00:13.925846
359,0.6191084419718711,PRUNED,0.7015326793607525,False,0.008338065679381902,127,10,106,0.017456532809565085,0.18553436446120605,154,0.3684064100152404,5.4773609316745705e-05,8.525992658384363e-08,0.8506724666744717,4,,0 days 00:00:06.335750
360,0.624277239525504,PRUNED,0.5822860875253786,False,0.006502870752737751,127,11,193,0.2711417907487772,0.2033605424691684,250,0.3009871106285006,0.002338691702889024,8.020201154841779e-07,0.6676768619861162,4,,0 days 00:00:05.027360
