number,value,state,params_colsample_bytree,params_extra_trees,params_learning_rate,params_max_bin,params_max_depth,params_min_child_samples,params_min_child_weight,params_min_split_gain,params_num_leaves,params_path_smooth,params_reg_alpha,params_reg_lambda,params_subsample,params_subsample_freq,user_attrs_best_iteration,duration
181,0.6063122332956575,COMPLETE,0.6010335680018059,False,0.09172706239374243,511,5,98,1.6967738317054872,0.19064082171715757,86,1.8547683914101898,0.5677138847445341,0.04039297746631545,0.5648048769203421,7,87.0,0 days 00:00:08.297400
182,0.6058703964776566,PRUNED,0.8073901556396332,False,0.016719387499301384,511,6,160,0.01373205576808661,0.4745299855201542,98,0.6803990227567223,0.008455522327138929,1.4543151567215496e-08,0.8688630765131219,0,,0 days 00:00:14.653450
183,0.6071255334632534,PRUNED,0.5699744539561157,False,0.08670599445978786,255,5,157,0.02318149174769152,0.1687595047586807,180,1.1130963913280483,0.002194357272140439,0.007268212996521799,0.6588060686597981,6,,0 days 00:00:09.709210
184,0.6063486602098762,COMPLETE,0.929828971491871,False,0.041490332959603894,511,11,62,0.025852319092440266,0.2424421448832461,94,0.5122048094165123,0.004900604380596661,5.003870215795124e-08,0.6233424258852324,1,107.0,0 days 00:00:21.286655
185,0.605408180593397,PRUNED,0.6277398400197232,False,0.022188224135941167,127,9,92,8.518450289280496,0.28186200412555606,207,0.4955943966009178,0.00037684742615291036,8.190135676019635e-06,0.6500880454636506,4,,0 days 00:00:13.326377
186,0.6060563745401546,COMPLETE,0.6987287779744836,False,0.05223867563567411,511,9,29,0.5443799000267341,0.20750663298329522,56,0.44829640977751595,3.778609642059675,1.1625204481410722e-06,0.6503108494510498,5,74.0,0 days 00:00:13.595270
187,0.6087408083036999,PRUNED,0.8604552850906498,False,0.043299695556111475,255,4,44,0.0034084714383475333,0.07576436197313483,48,0.035252804086267756,2.9347307052618317,2.2361898143858383,0.8917623257702897,1,,0 days 00:00:04.025484
188,0.6042499765014875,COMPLETE,0.7201147987549044,False,0.01763162548471744,511,10,191,0.058457975559597454,0.20213375719022214,61,0.30597941038508103,0.003343104302845928,2.580754196988307e-07,0.7465158578723518,0,402.0,0 days 00:00:33.098735
189,0.6061082824637658,PRUNED,0.8909532396264349,False,0.017867478454538344,255,7,111,0.0013806938055266466,0.15185057552896597,19,1.0070052734255102,0.0001086550542393988,4.6922955330256445e-07,0.6489889167454723,1,,0 days 00:00:12.286774
190,0.6086258503273722,PRUNED,0.710146221592146,True,0.0950921635163749,511,5,152,0.0025270272861262896,0.20607328648643308,208,1.5565823715815963,1.3123920645481286,0.012247696905171369,0.5537374326945818,4,,0 days 00:00:08.940465
191,0.6238320204622158,PRUNED,0.8629575103638502,False,0.006479418787517592,511,10,37,1.712773726115297,0.44688028658407325,194,0.5535317368119145,0.012808037184061101,4.115554691656079e-06,0.9592310413270719,0,,0 days 00:00:13.257450
192,0.624134054152756,PRUNED,0.6772324763454193,True,0.008733457103426337,511,10,167,0.09333736783638223,0.09882375848196763,45,0.09702649208251593,0.43580192624461006,8.44323069803109e-08,0.8450304288229559,1,,0 days 00:00:04.164728
193,0.6071547104493946,PRUNED,0.6722939125626569,False,0.011352915369054806,511,6,182,0.09427198042149426,0.27781366365909355,50,0.8765809647618682,0.08209294232119527,9.741931769453939e-08,0.7956456194808086,0,,0 days 00:00:14.121309
194,0.6148766795415641,PRUNED,0.7429177169153132,False,0.011215241650580448,511,11,171,0.015438818733522952,0.08829945654933131,110,0.23964921889577584,0.009583102541519234,2.246351599844382e-07,0.7108849053778868,0,,0 days 00:00:08.863551
195,0.6048994405662487,COMPLETE,0.8647822464565339,False,0.03690936235013681,511,5,92,0.001231974403096757,0.2654783992561881,22,0.9692429861697056,0.599401070217551,1.033941295906361e-07,0.636563894394928,1,330.0,0 days 00:00:20.470060
196,0.6041008210890506,COMPLETE,0.5064403800430879,False,0.020137261050242567,511,9,159,0.15356882356832788,0.42334463236580555,24,0.06799547496625946,9.21631243101314,6.426090751280215e-06,0.9186641517487151,0,605.0,0 days 00:00:34.393496
197,0.6089276999500143,PRUNED,0.5330851233573441,False,0.022896637720546623,511,8,163,0.16963083925530315,0.40965705208456465,41,0.6022941355875686,0.10055009313370852,1.7480411551433346e-05,0.9075718733113013,1,,0 days 00:00:05.089376
198,0.6051381893590155,COMPLETE,0.6667809571569755,False,0.027537862243961115,511,10,179,0.040575335204102274,0.2536219084268704,86,0.3202062348929896,1.97184695171739e-05,5.330456335601733e-07,0.7144558126377603,2,171.0,0 days 00:00:18.424523
199,0.6125481051477704,PRUNED,0.5815755592271619,False,0.0061714404871723565,511,8,175,0.17698225216288613,0.4164159727419486,22,0.1413329870460064,0.21663530414179522,1.3419956494175953e-07,0.958097925684231,2,,0 days 00:00:13.783151
200,0.6060439126147282,PRUNED,0.5647656615405252,False,0.018689537792051684,127,10,156,0.0019046119446926386,0.31268443065764223,17,0.20998951466219964,4.667458566923656,8.873042429654242e-07,0.8523456437194215,1,,0 days 00:00:10.469899
201,0.6042958816064935,COMPLETE,0.512479791512109,False,0.030488899184324902,511,10,133,0.008019662612246388,0.4059771416984727,25,0.1011838649058367,0.017829430196521067,3.365157621124432e-07,0.9235488760094134,0,415.0,0 days 00:00:23.878204
202,0.6046204337947685,COMPLETE,0.7038164707487953,False,0.02687349685468292,511,5,78,0.00016774212586021767,0.08878103989473464,42,0.7376446097803061,0.0008315683641720267,3.705499019378622e-05,0.7243853004005968,3,639.0,0 days 00:00:35.979814
203,0.6039174824833213,COMPLETE,0.7311618948411854,False,0.011539115286027558,255,9,188,0.03724157820401379,0.23706124445092114,25,0.6097486642339411,0.0002226148772452533,4.173142799937123e-06,0.7975885137150895,0,1142.0,0 days 00:01:10.729861
204,0.6050869385574357,COMPLETE,0.5541157328628921,False,0.06621657399755337,511,11,157,0.05138743351137849,0.40548259467286796,38,0.059079704363267586,0.025492637909079095,2.8298378811780165e-08,0.9368884899948762,1,102.0,0 days 00:00:11.317929
205,0.6044681083345853,COMPLETE,0.7173484589791702,False,0.03803857734119353,127,5,36,0.00012216098310618837,0.4028249762699006,252,0.46970763389086595,0.8270943725604262,3.3719243987650065e-08,0.9420003813214426,3,347.0,0 days 00:00:19.258326
206,0.6231917265414278,PRUNED,0.7823046393473388,False,0.006937225869135874,255,9,195,0.0159372058834036,0.11085652455737957,64,0.38678440889496,0.0018207972072671744,4.882860921502014e-06,0.8971469479380689,2,,0 days 00:00:05.917399
207,0.6133383643081137,PRUNED,0.6112452759966733,False,0.01572322774380447,255,10,192,0.09840614258286282,0.21280294451650683,24,0.511253219795762,0.008609020741126731,0.0012444726174843277,0.6165982005887755,1,,0 days 00:00:04.032197
208,0.6043373551327423,COMPLETE,0.5075628134312601,False,0.047922022150036755,511,4,199,0.4694464495249767,0.28208943791949176,85,1.4165058075638244,0.010089057434087232,1.6029913401208364,0.7257974795688485,4,387.0,0 days 00:00:18.780265
209,0.622970754799848,PRUNED,0.7802219480650521,False,0.0071563836546824034,255,8,187,0.11852662844922791,0.28656460682853413,69,0.3652037614092718,5.303870277549118e-08,5.773242732118732e-07,0.7909072188015137,0,,0 days 00:00:05.659726
210,0.6044166842883479,COMPLETE,0.6020737059600093,False,0.0491772404495233,511,5,140,0.004449304690633593,0.43232171552761123,129,1.4119336639691107,7.315007807202629e-05,0.8606928736897295,0.5833782920171184,5,382.0,0 days 00:00:20.237137
211,0.6049079572626653,COMPLETE,0.6207625613081913,False,0.03391897964120277,511,6,152,2.6498147261797347,0.2662231221233183,104,1.2590476420996384,0.5179636230929203,0.05798849177633848,0.7603540011673425,4,247.0,0 days 00:00:16.563467
212,0.6039598463449299,COMPLETE,0.7483827570682924,False,0.012160119666830307,255,9,186,0.016496901360940248,0.2893286284454907,89,0.7725086185793932,0.004310108917378787,0.0007762051914040146,0.7962003010657851,0,475.0,0 days 00:00:34.362626
213,0.6045773964240767,COMPLETE,0.8802568030635767,False,0.013947814831778106,255,10,175,0.0004233555450650803,0.2729151786895982,26,0.06952769454685293,9.599342593377408e-05,0.0010286765073592979,0.6760960422816928,0,705.0,0 days 00:00:44.207445
214,0.6043671755012289,COMPLETE,0.5987102968052926,False,0.02828761759750005,127,10,122,9.09728480242095,0.45078167240021916,28,0.2104561031242878,0.37085890419845136,0.00017168655625690937,0.9069346385821635,2,258.0,0 days 00:00:15.579114
215,0.6050666686688276,COMPLETE,0.5058861773118349,False,0.03371047531014438,511,12,70,0.0005448246612754164,0.3772373899912769,90,0.1670537417250377,0.13107136386153317,6.148222933831656e-06,0.9375120281441013,1,134.0,0 days 00:00:17.541025
216,0.6121446004043218,PRUNED,0.7897665148054737,False,0.01443517872389214,255,8,181,0.03687673971389402,0.25572193067274734,70,0.9706690827713638,0.0002769229442465358,0.012016641451710091,0.7921700617709374,1,,0 days 00:00:05.533294
217,0.6112916196978175,PRUNED,0.7109391534125337,False,0.017392023114453464,511,7,62,0.3446317052574656,0.2668115295673926,65,0.4904214511047255,0.09031383369899287,4.266086454548607e-07,0.5419979451876205,5,,0 days 00:00:05.771084
218,0.6236045001086967,PRUNED,0.9480459405006071,False,0.008651819966120279,511,5,74,0.0001851051937653233,0.40827209222041455,236,0.36466194210615926,3.180569136242422,4.416303409771887e-07,0.9471054684145496,7,,0 days 00:00:05.134399
219,0.6183163596200741,PRUNED,0.5388450147313787,True,0.01743757429355913,511,5,178,0.0034502055260568956,0.04088135053385239,218,0.9281153037537477,7.58416738379982,6.715475648562288e-05,0.7811732889796575,4,,0 days 00:00:03.369556
220,0.6054169694629715,COMPLETE,0.5550405936622735,False,0.05124262171863171,511,5,169,0.4408969263901028,0.3390950801668798,91,1.3487981256098869,0.00878953528153598,0.36559604496082065,0.701601928670425,6,263.0,0 days 00:00:15.079771
221,0.6040651197879983,COMPLETE,0.710994812839085,False,0.015733729387701418,511,10,190,0.49897028509923286,0.19507586413705877,43,0.2616959331754662,0.0013640794935682922,2.7107295705207078e-08,0.5678545177559895,0,435.0,0 days 00:00:33.075230
222,0.6035413299988862,COMPLETE,0.5272073786235236,False,0.02585141295186588,511,11,145,0.0035139102700794656,0.4181445272577652,59,0.5927850410498645,0.020628619058332985,1.9520232973292758e-07,0.7170846748887546,1,300.0,0 days 00:00:23.298583
223,0.6101497222223474,PRUNED,0.6338376000091281,False,0.020132452761287296,511,11,185,0.16500113922534967,0.23467928682624972,39,0.22577819099569194,0.027229585252179132,1.4516461813413982e-05,0.6336765956881947,0,,0 days 00:00:05.747460
224,0.6044940050171576,COMPLETE,0.7074915362414419,False,0.0228578668394377,511,10,191,0.30066755023298297,0.23559346483318705,106,0.9487052553325122,3.0187781468428244e-06,2.949681476741915e-08,0.5072681879253312,0,263.0,0 days 00:00:25.445369
225,0.6043354579726811,COMPLETE,0.5344560358334135,False,0.041697410684668826,511,12,138,0.0009850656422722532,0.47073571753149646,63,0.5854542558847639,0.22954325786115953,5.7690948276656226e-06,0.673267729091486,3,131.0,0 days 00:00:14.354041
226,0.6111576140579977,PRUNED,0.554909917996747,False,0.02540683931238902,511,10,133,7.224006628999584,0.49074334136540976,16,0.005873444081251754,5.033652427868722,3.451613328702066e-08,0.9301356732584595,0,,0 days 00:00:04.178445
227,0.6103404391244325,PRUNED,0.8112130380965212,False,0.005757223473967332,255,10,164,0.002751031664222491,0.3299117270332065,66,0.9675019908916361,0.0008698013479196648,1.7209723629311065e-05,0.7556643246291621,0,,0 days 00:00:18.716400
228,0.6044547214873996,COMPLETE,0.5501501342037834,False,0.0352524488597288,255,7,153,0.2494213507106502,0.4413829957799944,99,0.1037180575753025,0.03576031129426953,3.77728776467236e-05,0.8873348655811477,0,202.0,0 days 00:00:13.859217
229,0.6058811430057746,COMPLETE,0.6088550790321251,False,0.032785987657372125,511,10,85,0.005512451176849722,0.4642809450916876,104,0.1105869551360581,0.0004802536404900659,3.0312441583469373e-08,0.6882111984079515,1,143.0,0 days 00:00:17.953149
230,0.6044391914414385,COMPLETE,0.6085006191621146,False,0.054599522171895745,127,4,162,0.0008923518264684591,0.19144599828623318,164,1.3464050333787292,0.010898494179083503,0.0016968822814683409,0.6460334717322873,2,346.0,0 days 00:00:16.467001
231,0.6073985750335724,PRUNED,0.5774129382382075,False,0.045426245132932676,511,10,155,0.001991015861497998,0.43935028651939,49,0.03918324452763322,4.75564377540272,7.037902060872687e-05,0.7026469533981492,4,,0 days 00:00:14.404854
232,0.6074994181370968,COMPLETE,0.6621355125367469,False,0.08553953161175946,127,7,34,0.2327256597039739,0.07028295841792635,40,0.11478786313539353,0.008971468552204528,2.6073219632470365e-08,0.5772305125550177,5,58.0,0 days 00:00:07.588560
233,0.6045499931764039,COMPLETE,0.5215437262759778,False,0.023972417120382897,511,11,139,0.0037429090081427985,0.4103515238432496,53,0.7151830731578813,0.02506905017932428,4.353623659636772e-06,0.7357583734028759,3,210.0,0 days 00:00:18.344646
234,0.6131657137005828,PRUNED,0.8400648190033987,True,0.03165963669950047,127,7,108,0.00025660068616299286,0.36368355201075614,242,0.7727810650989005,8.57818522732207,2.902931662341708e-07,0.8653060905593513,6,,0 days 00:00:03.691848
235,0.6043788886232072,COMPLETE,0.5266821608462489,False,0.024102360485849666,511,9,99,0.00076463299305628,0.44078151310460395,42,0.3690388770762596,0.0029426730932483134,9.67171550461552e-08,0.8847110855218945,0,363.0,0 days 00:00:24.532585
236,0.6046279112416714,COMPLETE,0.5665334255447495,False,0.02022099029395336,511,12,176,0.0005936666165879933,0.44094557069836127,92,0.26189231234732424,0.007999708713613163,2.0655816653301415e-07,0.6205930771687275,1,286.0,0 days 00:00:24.844854
237,0.6157136764523096,PRUNED,0.6153092795424742,False,0.011573632466685229,127,8,189,0.04322340609607185,0.16499511856598248,69,0.2746525973640898,4.015859782141351e-06,2.7442511023993157e-08,0.6849293503163898,0,,0 days 00:00:04.716441
238,0.603962623632477,COMPLETE,0.6106959425838285,False,0.018083878748916697,255,9,188,0.052355324184430285,0.1744127158502592,55,0.18414759253245788,0.004747104191398975,8.175447181684261e-08,0.8277203810966914,0,413.0,0 days 00:00:26.373678
239,0.6091276881558078,PRUNED,0.6130380275714569,True,0.019379895459993482,511,11,153,0.043676248402507396,0.4431323927079869,67,0.003931131257487064,0.0001754206762129505,9.361704079414912e-08,0.849695808997243,0,,0 days 00:00:10.357549
240,0.6107764190889157,PRUNED,0.52836373759476,True,0.03154308860997934,255,9,126,0.07806613670136847,0.18568250147473547,106,0.3361489060291401,0.00024444359973151196,1.1562707330028205e-05,0.9000523125576811,0,,0 days 00:00:03.961224
241,0.6057352553409925,PRUNED,0.8729050097133929,False,0.036329065469173465,127,9,41,0.0015847620286488745,0.025431401425207056,21,0.359331963302346,0.015247118152403812,1.0438337116616981e-05,0.7607938640259777,4,,0 days 00:00:11.738020
242,0.6040862932081461,COMPLETE,0.7120715856175474,False,0.00877667807141835,511,6,139,0.673721263317625,0.20259224240835189,247,0.2703119502886206,0.002182918830830524,0.000950744570279534,0.6323264111486961,6,1064.0,0 days 00:01:07.978371
243,0.6036228739213435,COMPLETE,0.7311690863935453,False,0.01883374628547862,511,7,190,0.0012996010784021086,0.15868308063736192,237,0.7558067089160494,1.0027501463708177,0.8593557927948066,0.714985876526498,7,496.0,0 days 00:00:33.256297
244,0.6084641937785381,PRUNED,0.6776537881352923,False,0.018770506750677717,511,10,161,0.0006010349401951316,0.1714701247488607,165,0.6871761198261003,0.018143999008414256,0.6965292971040054,0.7996735383878658,6,,0 days 00:00:07.475947
245,0.6203446551334298,PRUNED,0.7468759842419134,False,0.009204248704365292,511,6,133,0.0002258259517060297,0.2262813715715561,207,0.6670900526559731,0.0026614281415079967,0.3682942532264212,0.665284560968233,7,,0 days 00:00:05.006725
246,0.614080545028473,PRUNED,0.5286445750868253,False,0.012904434065005342,255,11,147,0.04332859331543214,0.3821013824635173,65,0.7690579453098861,0.001471859006647015,1.511294312645861e-08,0.6962604608350546,0,,0 days 00:00:05.346484
247,0.6100229219116727,PRUNED,0.7765249025088011,False,0.016814478661984076,511,10,199,7.41829999613695,0.29286221079477076,66,0.698932979296645,0.6096403688703178,9.369437007472277e-08,0.5096822649051549,1,,0 days 00:00:06.002389
248,0.6044289881019467,COMPLETE,0.6487754354195443,False,0.021879470712937724,255,6,187,0.44820771296363965,0.12204058596063348,76,0.06673065285530894,0.007886863975308345,1.2982253531534664e-08,0.8448547663144302,0,558.0,0 days 00:00:30.120213
249,0.6114686505366872,PRUNED,0.6384592229514137,False,0.019060228577786466,511,6,188,0.004542144232831078,0.21100007890490013,228,0.644378976789421,0.7754991961200516,0.002349929849687076,0.7744340933882051,6,,0 days 00:00:04.711398
250,0.6102100397272104,PRUNED,0.6251518311051893,False,0.025398906114767385,255,8,175,0.013688162098604602,0.23898639968526017,19,0.20459931875958942,1.2568520350095344e-06,1.1086079862147615e-05,0.8362984580489864,0,,0 days 00:00:04.178964
251,0.6044515488554439,COMPLETE,0.8610442584294129,False,0.03126347520392374,511,9,179,0.00016577907160536878,0.1510209271323642,243,1.1517747621333556,1.8929887367392881,0.1686116492921275,0.7057101665349247,6,261.0,0 days 00:00:25.258254
252,0.6102322032711492,PRUNED,0.7026563305597648,False,0.007978399084744165,511,5,169,0.47684524444594645,0.2334366378894686,241,0.6468570853712242,7.271074541882558e-05,0.013036427006989348,0.5951474066575548,6,,0 days 00:00:12.014368
253,0.6039829090793901,COMPLETE,0.7869742715145507,False,0.00971930386924567,511,7,181,0.0065068222648599315,0.1638045869803619,233,1.020769941057294,0.11543574506699975,6.318510755542096,0.7810386016132947,7,885.0,0 days 00:01:02.639091
254,0.603585851437689,COMPLETE,0.7336583055102647,False,0.005205747429456946,511,11,171,6.000106963596104,0.027778802693266713,54,0.28590172386950236,8.181303122398582e-05,4.276665825148627e-06,0.5348996826757271,2,1374.0,0 days 00:01:52.418483
255,0.6109576753727883,PRUNED,0.6091822471984188,False,0.006744011206444075,511,11,158,5.317244728842591,0.04872094832433831,22,0.28524921553193366,2.412526744989111e-06,1.0337159499988617e-05,0.7028580827565886,3,,0 days 00:00:13.227152
256,0.6142055227474513,PRUNED,0.8787976193407154,False,0.012497955119952433,511,9,193,0.08780281042072093,0.15473233916564452,253,0.7997168361772838,1.1034724968182112,1.4677827634218612,0.7192287720965048,7,,0 days 00:00:06.901094
257,0.6173926835997434,PRUNED,0.6730278630174307,False,0.010390950564453029,255,8,185,0.019168508970131073,0.27492460633805843,48,0.5293889242869501,0.0019902776584435006,4.953799638683274e-05,0.8112564803208356,1,,0 days 00:00:04.990405
258,0.6058277510427765,PRUNED,0.8878202845872474,False,0.01716172156180755,511,6,198,0.003079228163191485,0.13479620335679687,254,1.1117671873034185,0.014926734143961482,0.6338503813653439,0.8232870608311232,6,,0 days 00:00:14.971154
259,0.6149760572519103,PRUNED,0.6871890925250568,False,0.011513670632937794,511,10,158,2.5144082432925883,0.16847262755701778,77,0.1349367867776331,6.3016954512100666e-06,2.5546715425203696e-08,0.6053695426095057,0,,0 days 00:00:07.475715
260,0.6076357928060593,COMPLETE,0.7964173931099627,True,0.012007972070106331,511,4,173,0.005191967037016708,0.1793146914507628,162,0.9825052920217169,0.05590708162166777,2.236184493919388,0.6489065433859528,5,1920.0,0 days 00:02:00.248359
261,0.6037487488340102,COMPLETE,0.649091591770783,False,0.012624512952704812,255,10,193,0.13125934612271817,0.23182125043665636,88,0.06387081592484714,0.0011676082957799375,4.6824265467572097e-07,0.8531535076162815,0,489.0,0 days 00:00:34.453075
262,0.632146174932301,PRUNED,0.8304137452628451,False,0.005062403515665524,511,10,114,0.9804743735389227,0.1273725399075836,15,0.16045730398942692,2.8009240772662777e-06,0.014339702871809003,0.5130932923750848,0,,0 days 00:00:05.036205
263,0.6042200171925212,COMPLETE,0.6907891708341182,False,0.008279076030581615,511,9,147,5.711563758223951,0.026596631169413854,78,0.42865892889329416,0.0008576547379989596,3.0595533757021986e-06,0.5213659943801435,5,1034.0,0 days 00:01:17.378232
264,0.6119209285395354,PRUNED,0.8846593249419111,False,0.02629361070513034,255,4,60,0.0010949598156347197,0.017193707836386983,66,0.10140287016056598,0.0017269306248883388,3.054504456610703,0.8563701062756623,0,,0 days 00:00:03.971277
265,0.6074033562165736,PRUNED,0.6725799259021166,False,0.00764598683684081,511,10,95,0.5550764858932485,0.07988361653168988,111,0.5874964603846129,0.011499225421040035,4.941428777254296e-07,0.5742227434169589,4,,0 days 00:00:21.373064
266,0.6121472949036937,PRUNED,0.524139613278163,False,0.014353230518654614,255,9,198,3.124107778980908,0.234454512521679,125,0.3571265302026895,1.1339039340575683e-05,4.5695353136304115e-08,0.8120103363395551,0,,0 days 00:00:05.422820
267,0.6043699956428759,COMPLETE,0.7456043109188395,False,0.025481960773504283,255,12,134,0.10757670254272494,0.1303268801877629,49,0.04914270129000753,0.0020558071388341644,3.3014698621795627e-06,0.7668079117306312,0,240.0,0 days 00:00:19.561903
268,0.6190271157683841,PRUNED,0.8554742974380967,False,0.008540375116631364,511,10,165,3.1462384018792293,0.029081698641262282,81,0.5695992334082245,2.6022753919458354e-06,0.00011853919210995805,0.5066982180600814,3,,0 days 00:00:07.007863
269,0.6148338991014806,PRUNED,0.5584227816138063,False,0.01573498012806428,127,5,103,9.69836359337454,0.37047408113632463,146,1.329322124508593,0.12339583153853874,0.6826847895210759,0.6994649098012968,5,,0 days 00:00:03.539404
270,0.6090857366618433,PRUNED,0.7057318399139509,True,0.024154338743632618,511,9,196,1.6449770008670226,0.18993606916622532,39,0.26041254816103326,0.0010844010595634176,6.822220491832907e-08,0.5167147256523106,1,,0 days 00:00:09.867074
