number,value,state,params_colsample_bytree,params_extra_trees,params_learning_rate,params_max_bin,params_max_depth,params_min_child_samples,params_min_child_weight,params_min_split_gain,params_num_leaves,params_path_smooth,params_reg_alpha,params_reg_lambda,params_subsample,params_subsample_freq,user_attrs_best_iteration,duration
0,0.604065099872527,COMPLETE,0.85,False,0.02,255,-1,60,0.001,0.0,63,0.0,0.1,3.0,0.8,1,344.0,0 days 00:00:23.930383
1,0.6059078940877648,COMPLETE,0.9330880728874675,False,0.015355286838886862,511,10,124,0.0006026889128682511,0.010292247147901223,244,1.9398197043239886,0.002570603566117598,0.023585940584142682,0.5779972601681014,0,403.0,0 days 00:00:48.097243
2,0.6128835038954636,PRUNED,0.728034992108518,True,0.02408207265453543,511,6,126,0.0004982752357076451,0.2571172192068058,119,1.184829137724085,0.1165691561324743,6.267062696005991e-07,0.6460723242676091,2,,0 days 00:00:03.656952
3,0.6102294032607616,PRUNED,0.7475884550556351,True,0.09021655603568132,511,6,28,0.2637333993381525,0.12938999080000846,209,1.325044568707964,2.039373116525212e-08,1.527156759251193,0.7200762468698007,0,,0 days 00:00:09.841489
4,0.6071053165882214,COMPLETE,0.522613644455269,False,0.050984839695857445,511,12,124,4.067908494359541,0.13567451588694796,241,1.6574750183038587,8.471746987003668e-06,3.148441347423712e-05,0.5442462510259598,1,63.0,0 days 00:00:14.424552
5,0.6044221978544092,COMPLETE,0.8645035840204937,False,0.00625118897540056,127,10,47,0.00010656401760606463,0.1792328642721363,252,0.23173811905025943,0.08738424135626986,4.638759594322625e-08,0.9077307142274171,5,760.0,0 days 00:01:08.107739
6,0.6128644041722682,PRUNED,0.8803925243084487,False,0.01324473460368133,511,9,179,0.022965432344634346,0.24689779818219537,190,1.0454656587639881,0.0011258869313624915,0.08683696167603723,0.5597971229691509,5,,0 days 00:00:06.703727
7,0.6076687590665439,COMPLETE,0.5384899549143964,True,0.012822023397146819,511,12,57,0.011269758643814657,0.46484882617128653,137,1.616240759128834,4.052873758065144e-06,2.824825241715838e-07,0.8777755692715243,1,2124.0,0 days 00:02:13.880074
8,0.6078224160994453,COMPLETE,0.9090073829612466,False,0.025157671328351613,255,12,70,0.000355025561231308,0.25537365128878287,209,0.834822006297558,0.557924264150636,1.1549659339590204e-08,0.6139675812709708,3,155.0,0 days 00:00:22.829328
9,0.6082457184561691,COMPLETE,0.6504391549083848,True,0.023655501778132408,127,7,195,6.489877132084344,0.3047821669899484,184,1.005358046457723,3.660702614351293e-06,2.147744058054667e-08,0.6258911479126821,3,807.0,0 days 00:00:36.558389
10,0.6042948681839044,COMPLETE,0.6838915663596266,False,0.021665201216480946,511,6,138,0.6428328717564114,0.26788734203737924,252,0.1805795401088166,0.00490628164601872,0.005032310118297565,0.6188187719961998,5,347.0,0 days 00:00:20.995324
11,0.6042669952527244,COMPLETE,0.6933676731502687,False,0.03806287275340391,511,8,53,0.16821470258034152,0.17053317552512925,18,0.22694704248117814,2.6950690621944617,1.7285760734977495e-07,0.5871832145024958,5,348.0,0 days 00:00:20.839694
12,0.6092174729556903,PRUNED,0.6695148955243504,False,0.026381708285793885,511,6,27,3.0625189859246733,0.44855512997628855,142,1.7741728485302346,1.3895883726793775e-05,0.03416654859330391,0.9502090285816652,5,,0 days 00:00:05.532580
13,0.6086379392337918,PRUNED,0.8459475988463466,True,0.03075759692088437,255,4,136,0.0001060005013210028,0.35608961067376793,17,0.47449817499360014,0.007373120564908835,1.043335020558628e-06,0.5804040257087493,4,,0 days 00:00:32.885598
14,0.6050900962519253,COMPLETE,0.9460232775885566,False,0.02743825854621584,127,7,60,0.001659389038381581,0.25131854655259606,37,1.1538077692527182,0.004789030842100622,0.14233173123447043,0.9865052773762228,3,330.0,0 days 00:00:22.689060
15,0.610919941180305,PRUNED,0.9641592812938626,True,0.03457393591603019,127,12,192,3.7525108021939446,0.4818099885446264,57,1.7060189109347201,7.139327996351564e-05,5.010641965202524,0.6850793501277221,0,,0 days 00:00:03.904580
16,0.6049823154306646,COMPLETE,0.570042007618262,False,0.026508499683430865,511,10,118,0.0003061134900528447,0.3703843088771022,240,1.394031481990536,0.00046234575152882855,0.7876941994472523,0.8075036133495849,7,251.0,0 days 00:00:23.912067
17,0.6065102971796053,COMPLETE,0.8978963347180505,False,0.06715171353814121,255,8,105,0.9805638874011487,0.187791476319972,235,0.187963879681738,1.023406276988466,1.1014287581567612e-05,0.8249819653888826,5,80.0,0 days 00:00:11.645063
18,0.6142980147125366,PRUNED,0.8849967765493054,True,0.029353628856852092,511,4,167,0.00632343715999823,0.042673732496884,22,0.1033634423372154,8.7576835322941e-07,0.00403658667619465,0.5635302563259423,4,,0 days 00:00:03.424766
19,0.6121947177027498,PRUNED,0.9813242073389625,True,0.02347968381404505,255,11,61,0.015662356447891185,0.20447647220713494,92,0.34658864014169155,0.33405739074934476,0.018355569135304287,0.5392281906711329,0,,0 days 00:00:04.724694
20,0.6079454210391342,PRUNED,0.6779863393256308,True,0.011565712730044355,127,10,115,0.11444682032324735,0.05803632025345812,245,0.0920052840435055,0.06616297031744844,1.3475391688833286e-08,0.709800031213895,1,,0 days 00:00:40.279985
21,0.6054400380130419,COMPLETE,0.5226520048860223,False,0.021806050032373854,255,5,92,0.009829324480069712,0.25156812929004385,129,1.7129796823766446,2.3524127881331023e-05,0.004292786024278082,0.8079250490261083,5,541.0,0 days 00:00:26.638136
22,0.6079443824762,COMPLETE,0.9707324043882626,True,0.02891223107907126,511,9,84,0.16460426816350532,0.45267532097803187,241,0.3915822695785929,2.984858447686351e-05,4.474196712982528,0.7291264452457583,4,658.0,0 days 00:00:33.122258
23,0.6251758365354351,PRUNED,0.8483685826820753,False,0.006188545257527166,511,11,14,1.1812516086413092,0.3675355219019429,91,1.6069618607696972,0.004575995840498729,0.7893109390769851,0.6409273873867,0,,0 days 00:00:12.429938
24,0.6045021953630803,COMPLETE,0.8754355338957487,False,0.017210677976746688,127,10,75,4.505952694740129,0.45127645333978333,104,1.0105047448957143,0.061785400584597826,8.474514351963076e-08,0.9292063759215059,3,270.0,0 days 00:00:24.961037
25,0.6046936534493482,COMPLETE,0.7242227609891598,False,0.07531805792131623,255,6,191,5.662858823465567,0.3362592280385192,37,1.50474905887536,4.3540854235085346e-06,9.077806230864742e-06,0.7867189440616431,5,132.0,0 days 00:00:10.489671
26,0.6069235772146357,COMPLETE,0.8091090316581305,False,0.02593722824050102,511,11,77,0.00038488863031271365,0.35048456572956,121,0.14552601272838706,8.130253463825227e-08,5.7142765529157826e-08,0.5714958410264179,6,141.0,0 days 00:00:21.930598
27,0.6159556139549319,PRUNED,0.5417503583493344,True,0.015342902884738661,255,11,190,8.511484627609871,0.21211100462348814,104,1.812708770189472,0.09870115694031281,0.0010608115695043315,0.8766890926294708,3,,0 days 00:00:04.004206
28,0.6038403851692213,COMPLETE,0.6428560431409304,False,0.0071376570545118355,511,9,152,0.0825740955514347,0.48161126972030566,43,0.024308949379632683,0.6567380115809527,1.0288748388522558e-06,0.981086274237271,2,1420.0,0 days 00:01:47.793776
29,0.6240965563573555,PRUNED,0.8137790400420317,False,0.006237083361463531,255,12,109,0.14027917099520765,0.022723190170728935,148,0.5619263791844606,0.001814800153417629,1.2895022207876854,0.8478743444923086,3,,0 days 00:00:08.376164
30,0.6119316094065187,PRUNED,0.8490808570098726,True,0.008784585536270114,255,7,121,0.0002447220966646715,0.40689750985347434,126,1.3694623451077585,0.000668139729781624,6.105883961928395e-06,0.9871974038330833,7,,0 days 00:00:12.271154
31,0.6077086258829579,PRUNED,0.9052766653909164,False,0.03140809342176774,127,12,175,0.00016830357865967816,0.29706535767606757,115,0.761781713262043,7.682192116846543,2.2581460114803295e-07,0.5131834872486261,3,,0 days 00:00:12.679556
32,0.6078480721902654,PRUNED,0.8844937075902553,True,0.011341769215819461,511,11,165,9.967548704385253,0.12367405087159883,28,0.901088270620187,3.1834026168331744,0.44343147476795125,0.9983184185369527,4,,0 days 00:00:39.967047
33,0.6091385687725241,PRUNED,0.9260907501592701,False,0.03185469024350227,127,5,138,0.03995199811522177,0.4383268013291725,101,0.8069657324247941,0.0009271746499000013,0.0011179998462326963,0.8861591958678197,4,,0 days 00:00:04.179368
34,0.6251838892075032,PRUNED,0.9520793472468743,True,0.009463303451580071,127,4,76,0.08904067307938413,0.39182650637057154,47,0.7930855646425403,1.3623829604952313e-05,0.0004225765590640593,0.6961220225498661,3,,0 days 00:00:03.592410
35,0.6091386751244485,PRUNED,0.6200728093890966,True,0.021838764394966806,511,8,197,0.029046276683520472,0.06402291947888622,77,0.3038053870245887,4.816925761080064e-08,1.4451652070275298e-07,0.664375805143754,5,,0 days 00:00:10.457939
36,0.6104997014462422,PRUNED,0.5885052421383734,True,0.020682751552725,511,5,46,0.0001600822137048068,0.23038938401636289,175,0.412667436811585,6.285253576054615e-08,1.2182119065927813e-07,0.5844675315360823,2,,0 days 00:00:09.362230
37,0.605039403178254,COMPLETE,0.8741298451918291,False,0.032801012171761325,255,11,185,0.00020201787535643756,0.185236051395691,34,0.9690459703820427,4.5781411057580794e-07,7.658503409373328e-07,0.6384388240736019,6,354.0,0 days 00:00:23.429559
38,0.6055421456970383,PRUNED,0.7663086332275115,False,0.010651187770070547,511,12,107,0.045768578731086855,0.18864208155231132,186,0.04014239555545274,1.5213688950996675e-06,2.649653465666531e-06,0.553586005669888,3,,0 days 00:00:24.505217
39,0.6066094321437964,PRUNED,0.872719737092165,False,0.029597265724295843,255,11,105,0.0002720203784148293,0.14188795289936224,178,0.7261645927972702,7.672482668451368e-05,1.406768791583852e-07,0.768553270909274,4,,0 days 00:00:20.352794
40,0.6205110808191744,PRUNED,0.5866867976473774,False,0.010176751647384493,255,5,56,0.0006359264168909615,0.26225569478512734,39,0.820793653979323,1.1773045477552273,5.273557806871438e-08,0.5932835120256529,2,,0 days 00:00:03.786871
41,0.6064083833806555,PRUNED,0.6399895468301421,False,0.05781030720905694,255,5,137,4.434860317533531,0.16183961820212184,77,0.8508728772328336,0.08422410384447676,4.823849358854401e-07,0.778381446506965,4,,0 days 00:00:10.422975
42,0.614489272353339,PRUNED,0.5316874852363839,True,0.02852189423087602,127,8,111,0.00018160076936612674,0.40493722292731743,52,0.5092813095275277,8.121609264897861,7.964978443735512e-06,0.6683021390969603,1,,0 days 00:00:03.275268
43,0.6104034535168363,PRUNED,0.5906165330828301,True,0.01421864082294967,127,11,194,0.0004182983171957711,0.28723655658995595,239,1.6836575535165441,3.967038417701772e-08,0.04678276039905237,0.8654337376018222,7,,0 days 00:00:10.677764
44,0.6049427621126766,COMPLETE,0.7195674542851092,False,0.05737941934598472,127,8,78,2.432219152852517,0.15068893708207104,175,1.4952187603525022,2.4688793364578777e-05,0.00014592109199619148,0.6962225537113177,6,72.0,0 days 00:00:09.377999
45,0.609707376824006,PRUNED,0.8970125946351479,True,0.07556443003841126,255,5,189,0.13757523564319377,0.4469462915254788,165,1.5771944224490615,0.0038076305560719886,0.0006326300655566424,0.6674528073285431,1,,0 days 00:00:03.414457
46,0.6065830912430108,COMPLETE,0.5637443311659912,False,0.02756852804206157,255,11,75,1.2772812100441646,0.07495871367438689,198,0.45850279046528297,3.763445359826475e-05,0.149850532999748,0.5553158684776036,6,150.0,0 days 00:00:16.166896
47,0.6219610358946812,PRUNED,0.9736416698059076,True,0.010630853488242867,127,5,183,0.08259599205585766,0.252944339442233,98,1.2229084708692957,2.399731365984095e-07,0.0018882891084244617,0.70042570838182,3,,0 days 00:00:03.779689
48,0.6069667274589011,PRUNED,0.9671835073845074,False,0.07928104578452372,127,5,120,0.10803767560526463,0.056619022920377626,185,1.9696823979246691,2.138536249244663,0.00011417061557128565,0.712065335651193,5,,0 days 00:00:11.033006
49,0.6061902937161455,PRUNED,0.6990843467954717,False,0.029392537566434975,255,4,74,1.0333971107789333,0.17317299718298063,111,0.6939064037924554,0.0006863733717155804,1.8997679109458945,0.5023160115023014,2,,0 days 00:00:09.471761
50,0.6271833101735451,PRUNED,0.8172575269306913,False,0.005382883352850346,127,9,76,0.00013596470070098218,0.012299131488396092,233,0.22871513253927733,0.19034497287078697,3.1042118944279984e-07,0.936249057937667,5,,0 days 00:00:06.722177
51,0.617050420053352,PRUNED,0.8165942828054688,False,0.014792286008339782,255,4,18,0.001136818240506097,0.015548337517982925,26,0.01784809225906577,0.0007385927195049948,1.2083811281606816,0.7132472723265035,1,,0 days 00:00:03.780187
52,0.6078152314947063,PRUNED,0.699388863603416,False,0.04420216631015421,511,8,37,0.04442600309517442,0.12147962569439041,65,0.058206863278012666,3.9516238587524843,1.0715543009479093e-06,0.5780072752899501,7,,0 days 00:00:17.294766
53,0.6113835442852008,PRUNED,0.6750256080316072,False,0.005285816665186462,511,10,171,0.04580191042319368,0.4148485925643599,53,0.03453886627303007,0.529922141690484,2.356602670266039e-05,0.8746995593613707,1,,0 days 00:00:18.518822
54,0.6046457921310693,COMPLETE,0.8888320791197524,False,0.011339180853628178,127,10,64,1.9924652889898855,0.37941339774474825,83,1.055081116434595,0.0004247703399089915,6.412472998870094e-08,0.9555769247688572,1,479.0,0 days 00:00:38.784241
55,0.6083325087641228,PRUNED,0.7065572145318743,False,0.023334466925481134,511,7,122,0.1549310662237737,0.4183308397311194,253,0.6516406115776752,0.00012018468331591753,0.00021277178512610684,0.6172985976274509,6,,0 days 00:00:05.371180
56,0.6074331076150989,COMPLETE,0.7824801961575805,True,0.018571474182583154,255,4,101,0.0008405974090464424,0.016212632462174005,64,0.10014753485655968,1.0661649522972498,0.01832916467588293,0.8709850906834282,4,1042.0,0 days 00:00:53.914125
57,0.6124768583725594,PRUNED,0.6095966101861748,True,0.010600854483502585,511,8,130,0.3717827778088006,0.42499829456460575,28,0.13296764656166438,0.42841125194394164,5.145334913833213e-07,0.9934123885397755,3,,0 days 00:00:10.715867
58,0.6054912234431606,COMPLETE,0.8875221472263826,False,0.055016931971477764,255,4,75,0.0013176870136789864,0.1356865041779716,64,0.22132015258013582,0.24236630393030656,0.07512920141708324,0.7997724254604837,2,248.0,0 days 00:00:14.522801
59,0.6090505133217423,PRUNED,0.9014511053276965,False,0.013757573797054744,511,4,97,0.0025660801146222788,0.0845176673529901,38,0.5674574707989202,0.02199586093177306,3.1840470290833385,0.8515002980501325,0,,0 days 00:00:12.049778
60,0.623029197177208,PRUNED,0.7949142453703325,False,0.0064525911944161955,511,12,29,0.003154785864953847,0.3728278008538885,223,0.08934468283364427,0.026678331393102484,5.410690268916812e-06,0.839336903045727,5,,0 days 00:00:15.362363
61,0.6190235471271377,PRUNED,0.9450795131084768,False,0.010823969019051529,127,10,93,2.874493653478062,0.3576817248975039,22,0.8746229596476295,0.0001858982526260791,4.326913672993031e-06,0.9305671474342756,2,,0 days 00:00:04.897321
62,0.6066983398238257,COMPLETE,0.8582214105788666,False,0.04246879444193829,127,12,16,0.2067380595444796,0.3806344225267878,149,1.3310148426174457,0.018138671768360957,2.304664857659305e-08,0.8990528561310863,2,96.0,0 days 00:00:17.365152
63,0.6098692616014022,PRUNED,0.9958803087998946,True,0.013730163999569871,127,10,69,5.142738648207939,0.47969155494922244,110,0.9607671241528432,0.13133415520981132,5.6511874283632373e-08,0.7961954652229154,1,,0 days 00:00:11.786644
64,0.6048329448003766,COMPLETE,0.9827540201175415,False,0.01674286532214309,511,8,105,3.1657186937319968,0.47624888430379697,172,1.2643574778096789,0.0002957824974680435,2.1789900277324647e-06,0.9017920193390297,3,546.0,0 days 00:00:49.782801
65,0.6047561423707514,COMPLETE,0.6340362768742923,False,0.03205253518586937,511,7,70,0.9863131869433895,0.20579841285234224,246,0.07152102935044176,0.05602207101761736,0.4666162418044777,0.6369854414531212,5,221.0,0 days 00:00:18.094400
66,0.6268028650273291,PRUNED,0.7094724486914216,False,0.006277179950413509,127,6,129,0.29567479658264134,0.33311906753790477,253,0.3350134092898993,0.013947707513655141,0.17707444313344167,0.6400038033147658,4,,0 days 00:00:03.982424
67,0.6050711034305011,COMPLETE,0.7973109699616303,False,0.010924529265093774,127,8,63,6.299469071434218,0.4417060779272856,122,0.8792166583028266,0.0003367983004704861,4.2195529175008443e-08,0.813671148130568,5,576.0,0 days 00:00:39.443260
68,0.6047323439382503,COMPLETE,0.8273505898755623,False,0.035242468172792946,127,4,90,0.0052576722828716555,0.00819339471515047,107,0.0017234687341500326,0.0018745302058804816,4.715382114974393,0.75617151299407,3,349.0,0 days 00:00:17.882832
69,0.6093767746386867,PRUNED,0.9579578425134153,True,0.01294951656505701,127,8,13,0.0001668194822658009,0.1704872883403321,226,0.014874861407915413,0.026393174911733146,2.8266446602432278e-08,0.8830416677234902,5,,0 days 00:00:13.700835
70,0.6138214224229245,PRUNED,0.7107623543928251,False,0.014771792096649082,127,7,57,0.1815390217540191,0.05152273329872781,43,0.4611197607614369,4.523386798110136,1.9401060617443643e-08,0.5812990903606018,4,,0 days 00:00:03.981378
71,0.6049209201794169,COMPLETE,0.6833769308508852,False,0.08865931000620818,255,6,177,1.7371602626154763,0.22189132067612327,48,1.2445419964477702,1.0073311125206668e-05,1.9517413750957322e-06,0.7436526383730357,5,87.0,0 days 00:00:08.600838
72,0.6055543060898047,COMPLETE,0.6717781886755341,False,0.05976044657482868,255,9,199,0.12567991761355587,0.4759645179348187,45,1.9298505911970953,8.093527089490976e-07,1.7524654407136267e-06,0.8586982454856484,4,100.0,0 days 00:00:10.477344
73,0.6043020905285066,COMPLETE,0.8333413197001611,False,0.017254021483077114,127,6,87,0.00021291120656840594,0.3592228874013276,247,0.4687547484025054,2.2426998223416637,1.065465070015252e-08,0.9851762595851918,5,548.0,0 days 00:00:32.697961
74,0.617207634626414,PRUNED,0.8661760831704554,False,0.015010950007858792,127,4,93,0.00011523374309842086,0.40072466131486206,197,0.5815469089601732,0.8694987326336542,1.787624855208863e-08,0.7405120165434252,4,,0 days 00:00:03.686267
75,0.6067059374138718,PRUNED,0.8543941828478272,False,0.016491965574795805,127,5,99,0.0013958507536667886,0.37036813658710166,220,0.22538112727673631,6.907732819444452,1.924005886816751e-08,0.9758552157923163,4,,0 days 00:00:11.649950
76,0.6042324239098958,COMPLETE,0.7142628565366905,False,0.03489368072716136,511,5,151,0.013740300901976482,0.15527475225631038,216,0.12525759494787303,7.630410539012266e-05,0.00027333192476874555,0.6165449169007234,5,345.0,0 days 00:00:19.634247
77,0.6049893935644756,COMPLETE,0.696091607954079,False,0.04361997558771188,511,7,130,0.04870539618805241,0.02313907536896359,116,0.44964936412058737,4.994716205584704e-05,0.0002823339338809544,0.6401380322164593,5,109.0,0 days 00:00:11.753701
78,0.6048290190152067,COMPLETE,0.6969295459683708,False,0.04079558986842829,511,7,176,0.03413875029862193,0.14433117398919904,252,0.09725223419328091,7.799274134935676e-07,2.4209721367026803e-05,0.579551743376624,4,168.0,0 days 00:00:13.969382
79,0.6059217672589284,COMPLETE,0.5426044544052733,False,0.041419078532676616,511,10,34,0.34801105605457944,0.21426258382281285,25,0.33089663212218645,0.056489847238080496,8.966983913407789e-07,0.624742731474274,3,220.0,0 days 00:00:15.307519
80,0.6042100270432575,COMPLETE,0.706663108905756,False,0.03328090627373444,511,5,89,0.00020637993983638818,0.3216583867164731,238,1.0321468168485817,0.12412200362231231,1.6309927074381416e-08,0.9811305983579292,5,512.0,0 days 00:00:29.485874
81,0.6046692805836671,COMPLETE,0.6253188866577558,False,0.04150436801751158,511,6,143,0.0031734017928553328,0.3791025542929445,157,0.6176073210357897,1.0864482243708338,6.240749713151945e-06,0.9411880398949213,6,268.0,0 days 00:00:18.097807
82,0.605074321265282,COMPLETE,0.5457417648745474,False,0.032091106171082844,511,6,38,0.003100632851574691,0.3081981669199129,249,1.2313043593362394,0.47116099513549675,1.0941354853924701e-07,0.9420229236328789,5,237.0,0 days 00:00:17.234391
83,0.6119939322257978,PRUNED,0.9474426218026288,False,0.013500967561226021,127,12,147,1.2979571614560914,0.35251185146971825,135,0.6816807261292384,0.384387377050485,5.252103700104132e-08,0.8948694672546715,6,,0 days 00:00:07.232814
84,0.6097378661328693,PRUNED,0.8994927333807425,False,0.021608250336825317,511,7,69,0.0007674577769576647,0.3854862325315164,207,1.3809339631287831,0.03243824294841848,4.884439010871039e-07,0.9754017377239789,2,,0 days 00:00:07.645725
85,0.6043875858989292,COMPLETE,0.8098917678927082,False,0.017145722712658528,511,5,173,4.069027454731393,0.34943379858038737,185,0.3379140884625146,0.02093637123816898,0.000510531789022023,0.6000280190576516,3,638.0,0 days 00:00:35.546660
86,0.613434436738353,PRUNED,0.6568671674049282,True,0.027989242218360716,511,5,156,3.118184278904102,0.28426040021085636,160,0.45638322188321767,0.007718730523566509,0.004660231722236695,0.6595518178764556,2,,0 days 00:00:03.480682
87,0.6046584546964712,COMPLETE,0.7760317091926309,False,0.01245742463696527,127,8,44,0.0002140708336160622,0.3652408303655236,247,1.0182578818956132,0.6341523431791185,1.1021800365308391e-07,0.9545817053863186,7,466.0,0 days 00:00:34.431314
88,0.6054092257468008,COMPLETE,0.7787395394629022,False,0.04588083355978823,511,5,149,0.0002792178712925327,0.26141435262622675,245,0.5139207478179166,0.0005610448634086133,1.7810880280917476e-08,0.9726710853979578,3,252.0,0 days 00:00:16.928322
89,0.6076663876702454,PRUNED,0.7571738510110522,False,0.010505330480688482,511,6,191,1.9777927456472268,0.49613585357666756,167,0.0051701428461670695,1.2181489669397756e-05,1.0657498371794571e-06,0.6771132973274183,3,,0 days 00:00:13.602642
